<?xml version="1.0" encoding="UTF-8"?>
<testng-results ignored="0" total="1" passed="1" failed="0" skipped="0">
  <reporter-output>
  </reporter-output>
  <suite started-at="2019-05-14T10:54:29Z" name="Default suite" finished-at="2019-05-14T10:54:42Z" duration-ms="13444">
    <groups>
    </groups>
    <test started-at="2019-05-14T10:54:29Z" name="Default test" finished-at="2019-05-14T10:54:42Z" duration-ms="13444">
      <class name="com.web.windowHandleCheck.Test1">
        <test-method is-config="true" signature="setup()[pri:0, instance:com.web.windowHandleCheck.Test1@58a9760d]" started-at="2019-05-14T10:54:29Z" name="setup" finished-at="2019-05-14T10:54:34Z" duration-ms="5327" status="PASS">
          <reporter-output>
          </reporter-output>
        </test-method> <!-- setup -->
        <test-method signature="test1()[pri:0, instance:com.web.windowHandleCheck.Test1@58a9760d]" started-at="2019-05-14T10:54:34Z" name="test1" finished-at="2019-05-14T10:54:42Z" duration-ms="8074" status="PASS">
          <reporter-output>
          </reporter-output>
        </test-method> <!-- test1 -->
      </class> <!-- com.web.windowHandleCheck.Test1 -->
    </test> <!-- Default test -->
  </suite> <!-- Default suite -->
</testng-results>
